============= [[ old code ]] ============
total positions: 21282919337, time: 181785ms
speed: 117.08Mnps <-- old perft, bulk
total positions: 21282919337, time: 702693ms
speed: 30.29Mnps  <-- old perft, non-bulk
total positions: 21282919337, time: 591325ms
speed: 35.99Mnps  <-- new perft, non-bulk (Vec::with_capacity(40), and passing `&mut Vec`)
total positions: 21282919337, time: 583415ms
speed: 36.48Mnps  <-- newer perft, non-bulk with ArrayVec<ChessMove,218>
total positions: 21282919337, time: 628440ms
speed: 33.87Mnps  <-- newer perft, non-bulk with ArrayVec<ChessMove,100>
total positions: 21282919337, time: 190034ms
speed: 112.00Mnps <-- latest perft, FAKE NEWS?!?! ~~non-bulk with cozy-chess tech + (Vec::with_capacity(40), and passing `&mut Vec`)~~
total positions: 21282919337, time: 331236ms
speed: 64.25Mnps  <-- latest perft, non-bulk with cozy-chess tech + (Vec::with_capacity(40), and passing `&mut Vec`)
total positions: 21282919337, time: 327609ms
speed: 64.96Mnps <-- latest perft, non-bulk with cozy-chess tech + ArrayVec<ChessMove,218>
total positions: 21282919337, time: 370491ms
speed: 57.45Mnps <-- latest perft, non-bulk with cozy-chess tech + SmallVec<[ChessMove,64]>
total positions: 21282919337, time: 321956ms
speed: 66.10Mnps <-- new baseline perft going forward. Removed zobrist_table keep up for perft. Has cozy-chess tech + vanilla Vec and other clean up
total positions: 21282919337, time: 315344ms <-- 5min 15.344s
speed: 67.49Mnps <-- non-bulk with ArrayVec<ChessMove,218>

=================== [[ old code ]] =================
total positions: 16675713789, time: 260147ms
speed: 64.10Mnps

========= [[6 piece + 2 colour bitboardd]] ========= diag array, row/col array
========= [[6 piece + 2 colour bitboardd]] ========= diag array, row/col maths
============== [[12 piece bitboard]] =============== diag array, row/col maths


============== [[12 piece bitboard]] =============== diag array, row/col maths, no kingless_attack_mask
total positions: 16675713789, time: 258694ms
speed: 64.46Mnps

============== [[12 piece bitboard]] =============== diag array, row/col maths, no kingless_attack_mask, maybemailbox
total positions: 16675713789, time: 262289ms
speed: 63.58Mnps

============== [[12 piece bitboard]] =============== diag array, row/col maths, kingless_attack_mask
total positions: 16675713789, time: 268729ms
speed: 62.05Mnps

========= [[6 piece + 2 colour bitboardd]] ========= diag array, row/col maths, no kingless_attack_mask
total positions: 16675713789, time: 266132ms
speed: 62.66Mnps

========= [[6 piece + 2 colour bitboardd]] ========= diag array, row/col maths, no kingless_attack_mask, maybemailbox
total positions: 16675713789, time: 254408ms
speed: 65.55Mnps

========= [[6 piece + 2 colour bitboardd]] ========= diag array, row/col maths, kingless_attack_mask
total positions: 16675713789, time: 268761ms
speed: 62.05Mnps


